This file contains any messages produced by compilers while
running configure, to aid debugging if configure makes a mistake.

It was created by yuma123-netconfd-module-lsi-ivi-dc-power configure 1.5, which was
generated by GNU Autoconf 2.71.  Invocation command line was

  $ ./configure 'CFLAGS=-g -O0' 'CXXFLAGS=-g -O0' --prefix=/usr

## --------- ##
## Platform. ##
## --------- ##

hostname = joar-XPS-15-9560
uname -m = x86_64
uname -r = 6.8.0-41-generic
uname -s = Linux
uname -v = #41-Ubuntu SMP PREEMPT_DYNAMIC Fri Aug  2 20:41:06 UTC 2024

/usr/bin/uname -p = x86_64
/bin/uname -X     = unknown

/bin/arch              = x86_64
/usr/bin/arch -k       = unknown
/usr/convex/getsysinfo = unknown
/usr/bin/hostinfo      = unknown
/bin/machine           = unknown
/usr/bin/oslevel       = unknown
/bin/universe          = unknown

PATH: /home/joar/.local/bin/
PATH: /home/joar/.local/bin/
PATH: /usr/local/sbin/
PATH: /usr/local/bin/
PATH: /usr/sbin/
PATH: /usr/bin/
PATH: /sbin/
PATH: /bin/
PATH: /usr/games/
PATH: /usr/local/games/
PATH: /snap/bin/
PATH: /snap/bin/


## ----------- ##
## Core tests. ##
## ----------- ##

configure:2779: looking for aux files: compile ltmain.sh missing install-sh config.guess config.sub
configure:2792:  trying ./
configure:2821:   ./compile found
configure:2821:   ./ltmain.sh found
configure:2821:   ./missing found
configure:2803:   ./install-sh found
configure:2821:   ./config.guess found
configure:2821:   ./config.sub found
configure:2940: checking build system type
configure:2955: result: x86_64-pc-linux-gnu
configure:2975: checking host system type
configure:2989: result: x86_64-pc-linux-gnu
configure:3009: checking target system type
configure:3023: result: x86_64-pc-linux-gnu
configure:3068: checking for a BSD-compatible install
configure:3141: result: /usr/bin/install -c
configure:3152: checking whether build environment is sane
configure:3207: result: yes
configure:3366: checking for a race-free mkdir -p
configure:3410: result: /usr/bin/mkdir -p
configure:3417: checking for gawk
configure:3452: result: no
configure:3417: checking for mawk
configure:3438: found /usr/bin/mawk
configure:3449: result: mawk
configure:3460: checking whether make sets $(MAKE)
configure:3483: result: yes
configure:3513: checking whether make supports nested variables
configure:3531: result: yes
configure:3714: checking how to print strings
configure:3741: result: printf
configure:3775: checking whether make supports the include directive
configure:3790: make -f confmf.GNU && cat confinc.out
this is the am__doit target
configure:3793: $? = 0
configure:3812: result: yes (GNU style)
configure:3888: checking for gcc
configure:3909: found /usr/bin/gcc
configure:3920: result: gcc
configure:4273: checking for C compiler version
configure:4282: gcc --version >&5
gcc (Ubuntu 13.2.0-23ubuntu4) 13.2.0
Copyright (C) 2023 Free Software Foundation, Inc.
This is free software; see the source for copying conditions.  There is NO
warranty; not even for MERCHANTABILITY or FITNESS FOR A PARTICULAR PURPOSE.

configure:4293: $? = 0
configure:4282: gcc -v >&5
Using built-in specs.
COLLECT_GCC=gcc
COLLECT_LTO_WRAPPER=/usr/libexec/gcc/x86_64-linux-gnu/13/lto-wrapper
OFFLOAD_TARGET_NAMES=nvptx-none:amdgcn-amdhsa
OFFLOAD_TARGET_DEFAULT=1
Target: x86_64-linux-gnu
Configured with: ../src/configure -v --with-pkgversion='Ubuntu 13.2.0-23ubuntu4' --with-bugurl=file:///usr/share/doc/gcc-13/README.Bugs --enable-languages=c,ada,c++,go,d,fortran,objc,obj-c++,m2 --prefix=/usr --with-gcc-major-version-only --program-suffix=-13 --program-prefix=x86_64-linux-gnu- --enable-shared --enable-linker-build-id --libexecdir=/usr/libexec --without-included-gettext --enable-threads=posix --libdir=/usr/lib --enable-nls --enable-clocale=gnu --enable-libstdcxx-debug --enable-libstdcxx-time=yes --with-default-libstdcxx-abi=new --enable-libstdcxx-backtrace --enable-gnu-unique-object --disable-vtable-verify --enable-plugin --enable-default-pie --with-system-zlib --enable-libphobos-checking=release --with-target-system-zlib=auto --enable-objc-gc=auto --enable-multiarch --disable-werror --enable-cet --with-arch-32=i686 --with-abi=m64 --with-multilib-list=m32,m64,mx32 --enable-multilib --with-tune=generic --enable-offload-targets=nvptx-none=/build/gcc-13-uJ7kn6/gcc-13-13.2.0/debian/tmp-nvptx/usr,amdgcn-amdhsa=/build/gcc-13-uJ7kn6/gcc-13-13.2.0/debian/tmp-gcn/usr --enable-offload-defaulted --without-cuda-driver --enable-checking=release --build=x86_64-linux-gnu --host=x86_64-linux-gnu --target=x86_64-linux-gnu
Thread model: posix
Supported LTO compression algorithms: zlib zstd
gcc version 13.2.0 (Ubuntu 13.2.0-23ubuntu4) 
... rest of stderr output deleted ...
configure:4293: $? = 0
configure:4282: gcc -V >&5
gcc: error: unrecognized command-line option '-V'
gcc: fatal error: no input files
compilation terminated.
configure:4293: $? = 1
configure:4282: gcc -qversion >&5
gcc: error: unrecognized command-line option '-qversion'; did you mean '--version'?
gcc: fatal error: no input files
compilation terminated.
configure:4293: $? = 1
configure:4282: gcc -version >&5
gcc: error: unrecognized command-line option '-version'
gcc: fatal error: no input files
compilation terminated.
configure:4293: $? = 1
configure:4313: checking whether the C compiler works
configure:4335: gcc -g -O0   conftest.c  >&5
configure:4339: $? = 0
configure:4389: result: yes
configure:4392: checking for C compiler default output file name
configure:4394: result: a.out
configure:4400: checking for suffix of executables
configure:4407: gcc -o conftest -g -O0   conftest.c  >&5
configure:4411: $? = 0
configure:4434: result: 
configure:4456: checking whether we are cross compiling
configure:4464: gcc -o conftest -g -O0   conftest.c  >&5
configure:4468: $? = 0
configure:4475: ./conftest
configure:4479: $? = 0
configure:4494: result: no
configure:4499: checking for suffix of object files
configure:4522: gcc -c -g -O0  conftest.c >&5
configure:4526: $? = 0
configure:4548: result: o
configure:4552: checking whether the compiler supports GNU C
configure:4572: gcc -c -g -O0  conftest.c >&5
configure:4572: $? = 0
configure:4582: result: yes
configure:4593: checking whether gcc accepts -g
configure:4614: gcc -c -g  conftest.c >&5
configure:4614: $? = 0
configure:4658: result: yes
configure:4678: checking for gcc option to enable C11 features
configure:4693: gcc  -c -g -O0  conftest.c >&5
configure:4693: $? = 0
configure:4711: result: none needed
configure:4827: checking whether gcc understands -c and -o together
configure:4850: gcc -c conftest.c -o conftest2.o
configure:4853: $? = 0
configure:4850: gcc -c conftest.c -o conftest2.o
configure:4853: $? = 0
configure:4865: result: yes
configure:4884: checking dependency style of gcc
configure:4996: result: gcc3
configure:5011: checking for a sed that does not truncate output
configure:5081: result: /usr/bin/sed
configure:5099: checking for grep that handles long lines and -e
configure:5163: result: /usr/bin/grep
configure:5168: checking for egrep
configure:5236: result: /usr/bin/grep -E
configure:5241: checking for fgrep
configure:5309: result: /usr/bin/grep -F
configure:5345: checking for ld used by gcc
configure:5413: result: /usr/bin/ld
configure:5420: checking if the linker (/usr/bin/ld) is GNU ld
configure:5436: result: yes
configure:5448: checking for BSD- or MS-compatible name lister (nm)
configure:5503: result: /usr/bin/nm -B
configure:5643: checking the name lister (/usr/bin/nm -B) interface
configure:5651: gcc -c -g -O0  conftest.c >&5
configure:5654: /usr/bin/nm -B "conftest.o"
configure:5657: output
0000000000000000 B some_variable
configure:5664: result: BSD nm
configure:5667: checking whether ln -s works
configure:5671: result: yes
configure:5679: checking the maximum length of command line arguments
configure:5811: result: 1572864
configure:5859: checking how to convert x86_64-pc-linux-gnu file names to x86_64-pc-linux-gnu format
configure:5900: result: func_convert_file_noop
configure:5907: checking how to convert x86_64-pc-linux-gnu file names to toolchain format
configure:5928: result: func_convert_file_noop
configure:5935: checking for /usr/bin/ld option to reload object files
configure:5943: result: -r
configure:6022: checking for file
configure:6043: found /usr/bin/file
configure:6054: result: file
configure:6130: checking for objdump
configure:6151: found /usr/bin/objdump
configure:6162: result: objdump
configure:6194: checking how to recognize dependent libraries
configure:6395: result: pass_all
configure:6485: checking for dlltool
configure:6520: result: no
configure:6550: checking how to associate runtime and link libraries
configure:6578: result: printf %s\n
configure:6644: checking for ar
configure:6665: found /usr/bin/ar
configure:6676: result: ar
configure:6729: checking for archiver @FILE support
configure:6747: gcc -c -g -O0  conftest.c >&5
configure:6747: $? = 0
configure:6751: ar cr libconftest.a @conftest.lst >&5
configure:6754: $? = 0
configure:6759: ar cr libconftest.a @conftest.lst >&5
ar: conftest.o: No such file or directory
configure:6762: $? = 1
configure:6774: result: @
configure:6837: checking for strip
configure:6858: found /usr/bin/strip
configure:6869: result: strip
configure:6946: checking for ranlib
configure:6967: found /usr/bin/ranlib
configure:6978: result: ranlib
configure:7080: checking command to parse /usr/bin/nm -B output from gcc object
configure:7234: gcc -c -g -O0  conftest.c >&5
configure:7237: $? = 0
configure:7241: /usr/bin/nm -B conftest.o | /usr/bin/sed -n -e 's/^.*[	 ]\([ABCDGIRSTW][ABCDGIRSTW]*\)[	 ][	 ]*\([_A-Za-z][_A-Za-z0-9]*\)$/\1 \2 \2/p' | /usr/bin/sed '/ __gnu_lto/d' > conftest.nm
configure:7307: gcc -o conftest -g -O0   conftest.c conftstm.o >&5
configure:7310: $? = 0
configure:7348: result: ok
configure:7395: checking for sysroot
configure:7426: result: no
configure:7433: checking for a working dd
configure:7477: result: /usr/bin/dd
configure:7481: checking how to truncate binary pipes
configure:7497: result: /usr/bin/dd bs=4096 count=1
configure:7634: gcc -c -g -O0  conftest.c >&5
configure:7637: $? = 0
configure:7834: checking for mt
configure:7855: found /usr/bin/mt
configure:7866: result: mt
configure:7889: checking if mt is a manifest tool
configure:7896: mt '-?'
configure:7904: result: no
configure:8629: checking for stdio.h
configure:8629: gcc -c -g -O0  conftest.c >&5
configure:8629: $? = 0
configure:8629: result: yes
configure:8629: checking for stdlib.h
configure:8629: gcc -c -g -O0  conftest.c >&5
configure:8629: $? = 0
configure:8629: result: yes
configure:8629: checking for string.h
configure:8629: gcc -c -g -O0  conftest.c >&5
configure:8629: $? = 0
configure:8629: result: yes
configure:8629: checking for inttypes.h
configure:8629: gcc -c -g -O0  conftest.c >&5
configure:8629: $? = 0
configure:8629: result: yes
configure:8629: checking for stdint.h
configure:8629: gcc -c -g -O0  conftest.c >&5
configure:8629: $? = 0
configure:8629: result: yes
configure:8629: checking for strings.h
configure:8629: gcc -c -g -O0  conftest.c >&5
configure:8629: $? = 0
configure:8629: result: yes
configure:8629: checking for sys/stat.h
configure:8629: gcc -c -g -O0  conftest.c >&5
configure:8629: $? = 0
configure:8629: result: yes
configure:8629: checking for sys/types.h
configure:8629: gcc -c -g -O0  conftest.c >&5
configure:8629: $? = 0
configure:8629: result: yes
configure:8629: checking for unistd.h
configure:8629: gcc -c -g -O0  conftest.c >&5
configure:8629: $? = 0
configure:8629: result: yes
configure:8654: checking for dlfcn.h
configure:8654: gcc -c -g -O0  conftest.c >&5
configure:8654: $? = 0
configure:8654: result: yes
configure:8912: checking for objdir
configure:8928: result: .libs
configure:9188: checking if gcc supports -fno-rtti -fno-exceptions
configure:9207: gcc -c -g -O0  -fno-rtti -fno-exceptions conftest.c >&5
cc1: warning: command-line option '-fno-rtti' is valid for C++/D/ObjC++ but not for C
configure:9211: $? = 0
configure:9224: result: no
configure:9588: checking for gcc option to produce PIC
configure:9596: result: -fPIC -DPIC
configure:9604: checking if gcc PIC flag -fPIC -DPIC works
configure:9623: gcc -c -g -O0  -fPIC -DPIC -DPIC conftest.c >&5
configure:9627: $? = 0
configure:9640: result: yes
configure:9669: checking if gcc static flag -static works
configure:9698: result: yes
configure:9713: checking if gcc supports -c -o file.o
configure:9735: gcc -c -g -O0  -o out/conftest2.o conftest.c >&5
configure:9739: $? = 0
configure:9761: result: yes
configure:9769: checking if gcc supports -c -o file.o
configure:9817: result: yes
configure:9850: checking whether the gcc linker (/usr/bin/ld -m elf_x86_64) supports shared libraries
configure:11124: result: yes
configure:11161: checking whether -lc should be explicitly linked in
configure:11170: gcc -c -g -O0  conftest.c >&5
configure:11173: $? = 0
configure:11188: gcc -shared  -fPIC -DPIC conftest.o  -v -Wl,-soname -Wl,conftest -o conftest 2\>\&1 \| /usr/bin/grep  -lc  \>/dev/null 2\>\&1
configure:11191: $? = 0
configure:11205: result: no
configure:11365: checking dynamic linker characteristics
configure:11947: gcc -o conftest -g -O0   -Wl,-rpath -Wl,/foo conftest.c  >&5
configure:11947: $? = 0
configure:12198: result: GNU/Linux ld.so
configure:12320: checking how to hardcode library paths into programs
configure:12345: result: immediate
configure:12897: checking whether stripping libraries is possible
configure:12906: result: yes
configure:12948: checking if libtool supports shared libraries
configure:12950: result: yes
configure:12953: checking whether to build shared libraries
configure:12978: result: yes
configure:12981: checking whether to build static libraries
configure:12985: result: no
configure:13076: checking for gcc
configure:13108: result: gcc
configure:13461: checking for C compiler version
configure:13470: gcc --version >&5
gcc (Ubuntu 13.2.0-23ubuntu4) 13.2.0
Copyright (C) 2023 Free Software Foundation, Inc.
This is free software; see the source for copying conditions.  There is NO
warranty; not even for MERCHANTABILITY or FITNESS FOR A PARTICULAR PURPOSE.

configure:13481: $? = 0
configure:13470: gcc -v >&5
Using built-in specs.
COLLECT_GCC=gcc
COLLECT_LTO_WRAPPER=/usr/libexec/gcc/x86_64-linux-gnu/13/lto-wrapper
OFFLOAD_TARGET_NAMES=nvptx-none:amdgcn-amdhsa
OFFLOAD_TARGET_DEFAULT=1
Target: x86_64-linux-gnu
Configured with: ../src/configure -v --with-pkgversion='Ubuntu 13.2.0-23ubuntu4' --with-bugurl=file:///usr/share/doc/gcc-13/README.Bugs --enable-languages=c,ada,c++,go,d,fortran,objc,obj-c++,m2 --prefix=/usr --with-gcc-major-version-only --program-suffix=-13 --program-prefix=x86_64-linux-gnu- --enable-shared --enable-linker-build-id --libexecdir=/usr/libexec --without-included-gettext --enable-threads=posix --libdir=/usr/lib --enable-nls --enable-clocale=gnu --enable-libstdcxx-debug --enable-libstdcxx-time=yes --with-default-libstdcxx-abi=new --enable-libstdcxx-backtrace --enable-gnu-unique-object --disable-vtable-verify --enable-plugin --enable-default-pie --with-system-zlib --enable-libphobos-checking=release --with-target-system-zlib=auto --enable-objc-gc=auto --enable-multiarch --disable-werror --enable-cet --with-arch-32=i686 --with-abi=m64 --with-multilib-list=m32,m64,mx32 --enable-multilib --with-tune=generic --enable-offload-targets=nvptx-none=/build/gcc-13-uJ7kn6/gcc-13-13.2.0/debian/tmp-nvptx/usr,amdgcn-amdhsa=/build/gcc-13-uJ7kn6/gcc-13-13.2.0/debian/tmp-gcn/usr --enable-offload-defaulted --without-cuda-driver --enable-checking=release --build=x86_64-linux-gnu --host=x86_64-linux-gnu --target=x86_64-linux-gnu
Thread model: posix
Supported LTO compression algorithms: zlib zstd
gcc version 13.2.0 (Ubuntu 13.2.0-23ubuntu4) 
... rest of stderr output deleted ...
configure:13481: $? = 0
configure:13470: gcc -V >&5
gcc: error: unrecognized command-line option '-V'
gcc: fatal error: no input files
compilation terminated.
configure:13481: $? = 1
configure:13470: gcc -qversion >&5
gcc: error: unrecognized command-line option '-qversion'; did you mean '--version'?
gcc: fatal error: no input files
compilation terminated.
configure:13481: $? = 1
configure:13470: gcc -version >&5
gcc: error: unrecognized command-line option '-version'
gcc: fatal error: no input files
compilation terminated.
configure:13481: $? = 1
configure:13485: checking whether the compiler supports GNU C
configure:13515: result: yes
configure:13526: checking whether gcc accepts -g
configure:13591: result: yes
configure:13611: checking for gcc option to enable C11 features
configure:13644: result: none needed
configure:13760: checking whether gcc understands -c and -o together
configure:13798: result: yes
configure:13817: checking dependency style of gcc
configure:13929: result: gcc3
configure:14013: checking for g++
configure:14034: found /usr/bin/g++
configure:14045: result: g++
configure:14072: checking for C++ compiler version
configure:14081: g++ --version >&5
g++ (Ubuntu 13.2.0-23ubuntu4) 13.2.0
Copyright (C) 2023 Free Software Foundation, Inc.
This is free software; see the source for copying conditions.  There is NO
warranty; not even for MERCHANTABILITY or FITNESS FOR A PARTICULAR PURPOSE.

configure:14092: $? = 0
configure:14081: g++ -v >&5
Using built-in specs.
COLLECT_GCC=g++
COLLECT_LTO_WRAPPER=/usr/libexec/gcc/x86_64-linux-gnu/13/lto-wrapper
OFFLOAD_TARGET_NAMES=nvptx-none:amdgcn-amdhsa
OFFLOAD_TARGET_DEFAULT=1
Target: x86_64-linux-gnu
Configured with: ../src/configure -v --with-pkgversion='Ubuntu 13.2.0-23ubuntu4' --with-bugurl=file:///usr/share/doc/gcc-13/README.Bugs --enable-languages=c,ada,c++,go,d,fortran,objc,obj-c++,m2 --prefix=/usr --with-gcc-major-version-only --program-suffix=-13 --program-prefix=x86_64-linux-gnu- --enable-shared --enable-linker-build-id --libexecdir=/usr/libexec --without-included-gettext --enable-threads=posix --libdir=/usr/lib --enable-nls --enable-clocale=gnu --enable-libstdcxx-debug --enable-libstdcxx-time=yes --with-default-libstdcxx-abi=new --enable-libstdcxx-backtrace --enable-gnu-unique-object --disable-vtable-verify --enable-plugin --enable-default-pie --with-system-zlib --enable-libphobos-checking=release --with-target-system-zlib=auto --enable-objc-gc=auto --enable-multiarch --disable-werror --enable-cet --with-arch-32=i686 --with-abi=m64 --with-multilib-list=m32,m64,mx32 --enable-multilib --with-tune=generic --enable-offload-targets=nvptx-none=/build/gcc-13-uJ7kn6/gcc-13-13.2.0/debian/tmp-nvptx/usr,amdgcn-amdhsa=/build/gcc-13-uJ7kn6/gcc-13-13.2.0/debian/tmp-gcn/usr --enable-offload-defaulted --without-cuda-driver --enable-checking=release --build=x86_64-linux-gnu --host=x86_64-linux-gnu --target=x86_64-linux-gnu
Thread model: posix
Supported LTO compression algorithms: zlib zstd
gcc version 13.2.0 (Ubuntu 13.2.0-23ubuntu4) 
... rest of stderr output deleted ...
configure:14092: $? = 0
configure:14081: g++ -V >&5
g++: error: unrecognized command-line option '-V'
g++: fatal error: no input files
compilation terminated.
configure:14092: $? = 1
configure:14081: g++ -qversion >&5
g++: error: unrecognized command-line option '-qversion'; did you mean '--version'?
g++: fatal error: no input files
compilation terminated.
configure:14092: $? = 1
configure:14096: checking whether the compiler supports GNU C++
configure:14116: g++ -c -g -O0  conftest.cpp >&5
configure:14116: $? = 0
configure:14126: result: yes
configure:14137: checking whether g++ accepts -g
configure:14158: g++ -c -g  conftest.cpp >&5
configure:14158: $? = 0
configure:14202: result: yes
configure:14222: checking for g++ option to enable C++11 features
configure:14237: g++  -c -g -O0  conftest.cpp >&5
conftest.cpp: In function 'int main(int, char**)':
conftest.cpp:189:25: warning: empty parentheses were disambiguated as a function declaration [-Wvexing-parse]
  189 |   cxx11test::delegate d2();
      |                         ^~
conftest.cpp:189:25: note: remove parentheses to default-initialize a variable
  189 |   cxx11test::delegate d2();
      |                         ^~
      |                         --
conftest.cpp:189:25: note: or replace parentheses with braces to value-initialize a variable
configure:14237: $? = 0
configure:14255: result: none needed
configure:14321: checking dependency style of g++
configure:14433: result: gcc3
configure:14466: checking how to run the C++ preprocessor
configure:14488: g++ -E  conftest.cpp
configure:14488: $? = 0
configure:14503: g++ -E  conftest.cpp
conftest.cpp:23:10: fatal error: ac_nonexistent.h: No such file or directory
   23 | #include <ac_nonexistent.h>
      |          ^~~~~~~~~~~~~~~~~~
compilation terminated.
configure:14503: $? = 1
configure: failed program was:
| /* confdefs.h */
| #define PACKAGE_NAME "yuma123-netconfd-module-lsi-ivi-dc-power"
| #define PACKAGE_TARNAME "yuma123-netconfd-module-lsi-ivi-dc-power"
| #define PACKAGE_VERSION "1.5"
| #define PACKAGE_STRING "yuma123-netconfd-module-lsi-ivi-dc-power 1.5"
| #define PACKAGE_BUGREPORT "vladimir@lightside-instruments.com"
| #define PACKAGE_URL ""
| #define PACKAGE "yuma123-netconfd-module-lsi-ivi-dc-power"
| #define VERSION "1.5"
| #define HAVE_STDIO_H 1
| #define HAVE_STDLIB_H 1
| #define HAVE_STRING_H 1
| #define HAVE_INTTYPES_H 1
| #define HAVE_STDINT_H 1
| #define HAVE_STRINGS_H 1
| #define HAVE_SYS_STAT_H 1
| #define HAVE_SYS_TYPES_H 1
| #define HAVE_UNISTD_H 1
| #define STDC_HEADERS 1
| #define HAVE_DLFCN_H 1
| #define LT_OBJDIR ".libs/"
| /* end confdefs.h.  */
| #include <ac_nonexistent.h>
configure:14530: result: g++ -E
configure:14544: g++ -E  conftest.cpp
configure:14544: $? = 0
configure:14559: g++ -E  conftest.cpp
conftest.cpp:23:10: fatal error: ac_nonexistent.h: No such file or directory
   23 | #include <ac_nonexistent.h>
      |          ^~~~~~~~~~~~~~~~~~
compilation terminated.
configure:14559: $? = 1
configure: failed program was:
| /* confdefs.h */
| #define PACKAGE_NAME "yuma123-netconfd-module-lsi-ivi-dc-power"
| #define PACKAGE_TARNAME "yuma123-netconfd-module-lsi-ivi-dc-power"
| #define PACKAGE_VERSION "1.5"
| #define PACKAGE_STRING "yuma123-netconfd-module-lsi-ivi-dc-power 1.5"
| #define PACKAGE_BUGREPORT "vladimir@lightside-instruments.com"
| #define PACKAGE_URL ""
| #define PACKAGE "yuma123-netconfd-module-lsi-ivi-dc-power"
| #define VERSION "1.5"
| #define HAVE_STDIO_H 1
| #define HAVE_STDLIB_H 1
| #define HAVE_STRING_H 1
| #define HAVE_INTTYPES_H 1
| #define HAVE_STDINT_H 1
| #define HAVE_STRINGS_H 1
| #define HAVE_SYS_STAT_H 1
| #define HAVE_SYS_TYPES_H 1
| #define HAVE_UNISTD_H 1
| #define STDC_HEADERS 1
| #define HAVE_DLFCN_H 1
| #define LT_OBJDIR ".libs/"
| /* end confdefs.h.  */
| #include <ac_nonexistent.h>
configure:14724: checking for ld used by g++
configure:14792: result: /usr/bin/ld -m elf_x86_64
configure:14799: checking if the linker (/usr/bin/ld -m elf_x86_64) is GNU ld
configure:14815: result: yes
configure:14870: checking whether the g++ linker (/usr/bin/ld -m elf_x86_64) supports shared libraries
configure:15948: result: yes
configure:15984: g++ -c -g -O0  conftest.cpp >&5
configure:15987: $? = 0
configure:16468: checking for g++ option to produce PIC
configure:16476: result: -fPIC -DPIC
configure:16484: checking if g++ PIC flag -fPIC -DPIC works
configure:16503: g++ -c -g -O0  -fPIC -DPIC -DPIC conftest.cpp >&5
configure:16507: $? = 0
configure:16520: result: yes
configure:16543: checking if g++ static flag -static works
configure:16572: result: yes
configure:16584: checking if g++ supports -c -o file.o
configure:16606: g++ -c -g -O0  -o out/conftest2.o conftest.cpp >&5
configure:16610: $? = 0
configure:16632: result: yes
configure:16637: checking if g++ supports -c -o file.o
configure:16685: result: yes
configure:16715: checking whether the g++ linker (/usr/bin/ld -m elf_x86_64) supports shared libraries
configure:16758: result: yes
configure:16900: checking dynamic linker characteristics
configure:17660: result: GNU/Linux ld.so
configure:17725: checking how to hardcode library paths into programs
configure:17750: result: immediate
configure:17799: checking dependency style of gcc
configure:17909: result: gcc3
configure:17984: checking for xml2-config
configure:18007: found /usr/bin/xml2-config
configure:18020: result: /usr/bin/xml2-config
configure:18029: checking for libxml - version >= 2.0.0
configure:18131: gcc -o conftest -g -O0 -g -fPIC -DDEBUG=1 -DLINUX=1 -DGCC=1  -I/usr/include/libxml2  conftest.c -lxml2  >&5
configure:18131: $? = 0
configure:18131: ./conftest
configure:18131: $? = 0
configure:18147: result: yes (version 2.9.14)
configure:18352: checking that generated files are newer than configure
configure:18358: result: done
configure:18393: creating ./config.status

## ---------------------- ##
## Running config.status. ##
## ---------------------- ##

This file was extended by yuma123-netconfd-module-lsi-ivi-dc-power config.status 1.5, which was
generated by GNU Autoconf 2.71.  Invocation command line was

  CONFIG_FILES    = 
  CONFIG_HEADERS  = 
  CONFIG_LINKS    = 
  CONFIG_COMMANDS = 
  $ ./config.status 

on joar-XPS-15-9560

config.status:1084: creating Makefile
config.status:1256: executing depfiles commands
config.status:1333: cd .       && sed -e '/# am--include-marker/d' Makefile         | make -f - am--depfiles
make: Nothing to be done for 'am--depfiles'.
config.status:1338: $? = 0
config.status:1256: executing libtool commands

## ---------------- ##
## Cache variables. ##
## ---------------- ##

ac_cv_build=x86_64-pc-linux-gnu
ac_cv_c_compiler_gnu=yes
ac_cv_cxx_compiler_gnu=yes
ac_cv_env_CCASFLAGS_set=
ac_cv_env_CCASFLAGS_value=
ac_cv_env_CCAS_set=
ac_cv_env_CCAS_value=
ac_cv_env_CCC_set=
ac_cv_env_CCC_value=
ac_cv_env_CC_set=
ac_cv_env_CC_value=
ac_cv_env_CFLAGS_set=set
ac_cv_env_CFLAGS_value='-g -O0'
ac_cv_env_CPPFLAGS_set=
ac_cv_env_CPPFLAGS_value=
ac_cv_env_CXXCPP_set=
ac_cv_env_CXXCPP_value=
ac_cv_env_CXXFLAGS_set=set
ac_cv_env_CXXFLAGS_value='-g -O0'
ac_cv_env_CXX_set=
ac_cv_env_CXX_value=
ac_cv_env_LDFLAGS_set=
ac_cv_env_LDFLAGS_value=
ac_cv_env_LIBS_set=
ac_cv_env_LIBS_value=
ac_cv_env_LT_SYS_LIBRARY_PATH_set=
ac_cv_env_LT_SYS_LIBRARY_PATH_value=
ac_cv_env_build_alias_set=
ac_cv_env_build_alias_value=
ac_cv_env_host_alias_set=
ac_cv_env_host_alias_value=
ac_cv_env_target_alias_set=
ac_cv_env_target_alias_value=
ac_cv_header_dlfcn_h=yes
ac_cv_header_inttypes_h=yes
ac_cv_header_stdint_h=yes
ac_cv_header_stdio_h=yes
ac_cv_header_stdlib_h=yes
ac_cv_header_string_h=yes
ac_cv_header_strings_h=yes
ac_cv_header_sys_stat_h=yes
ac_cv_header_sys_types_h=yes
ac_cv_header_unistd_h=yes
ac_cv_host=x86_64-pc-linux-gnu
ac_cv_objext=o
ac_cv_path_EGREP='/usr/bin/grep -E'
ac_cv_path_FGREP='/usr/bin/grep -F'
ac_cv_path_GREP=/usr/bin/grep
ac_cv_path_SED=/usr/bin/sed
ac_cv_path_XML2_CONFIG=/usr/bin/xml2-config
ac_cv_path_install='/usr/bin/install -c'
ac_cv_path_lt_DD=/usr/bin/dd
ac_cv_path_mkdir=/usr/bin/mkdir
ac_cv_prog_AWK=mawk
ac_cv_prog_CXXCPP='g++ -E'
ac_cv_prog_ac_ct_AR=ar
ac_cv_prog_ac_ct_CC=gcc
ac_cv_prog_ac_ct_CXX=g++
ac_cv_prog_ac_ct_FILECMD=file
ac_cv_prog_ac_ct_MANIFEST_TOOL=mt
ac_cv_prog_ac_ct_OBJDUMP=objdump
ac_cv_prog_ac_ct_RANLIB=ranlib
ac_cv_prog_ac_ct_STRIP=strip
ac_cv_prog_cc_c11=
ac_cv_prog_cc_g=yes
ac_cv_prog_cc_stdc=
ac_cv_prog_cxx_cxx11=
ac_cv_prog_cxx_g=yes
ac_cv_prog_cxx_stdcxx=
ac_cv_prog_make_make_set=yes
ac_cv_target=x86_64-pc-linux-gnu
am_cv_CCAS_dependencies_compiler_type=gcc3
am_cv_CC_dependencies_compiler_type=gcc3
am_cv_CXX_dependencies_compiler_type=gcc3
am_cv_make_support_nested_variables=yes
am_cv_prog_cc_c_o=yes
lt_cv_ar_at_file=@
lt_cv_archive_cmds_need_lc=no
lt_cv_deplibs_check_method=pass_all
lt_cv_file_magic_cmd='$MAGIC_CMD'
lt_cv_file_magic_test_file=
lt_cv_ld_reload_flag=-r
lt_cv_nm_interface='BSD nm'
lt_cv_objdir=.libs
lt_cv_path_LD=/usr/bin/ld
lt_cv_path_LDCXX='/usr/bin/ld -m elf_x86_64'
lt_cv_path_NM='/usr/bin/nm -B'
lt_cv_path_mainfest_tool=no
lt_cv_prog_compiler_c_o=yes
lt_cv_prog_compiler_c_o_CXX=yes
lt_cv_prog_compiler_pic='-fPIC -DPIC'
lt_cv_prog_compiler_pic_CXX='-fPIC -DPIC'
lt_cv_prog_compiler_pic_works=yes
lt_cv_prog_compiler_pic_works_CXX=yes
lt_cv_prog_compiler_rtti_exceptions=no
lt_cv_prog_compiler_static_works=yes
lt_cv_prog_compiler_static_works_CXX=yes
lt_cv_prog_gnu_ld=yes
lt_cv_prog_gnu_ldcxx=yes
lt_cv_sharedlib_from_linklib_cmd='printf %s\n'
lt_cv_shlibpath_overrides_runpath=yes
lt_cv_sys_global_symbol_pipe='/usr/bin/sed -n -e '\''s/^.*[	 ]\([ABCDGIRSTW][ABCDGIRSTW]*\)[	 ][	 ]*\([_A-Za-z][_A-Za-z0-9]*\)$/\1 \2 \2/p'\'' | /usr/bin/sed '\''/ __gnu_lto/d'\'''
lt_cv_sys_global_symbol_to_c_name_address='/usr/bin/sed -n -e '\''s/^: \(.*\) .*$/  {"\1", (void *) 0},/p'\'' -e '\''s/^[ABCDGIRSTW][ABCDGIRSTW]* .* \(.*\)$/  {"\1", (void *) \&\1},/p'\'''
lt_cv_sys_global_symbol_to_c_name_address_lib_prefix='/usr/bin/sed -n -e '\''s/^: \(.*\) .*$/  {"\1", (void *) 0},/p'\'' -e '\''s/^[ABCDGIRSTW][ABCDGIRSTW]* .* \(lib.*\)$/  {"\1", (void *) \&\1},/p'\'' -e '\''s/^[ABCDGIRSTW][ABCDGIRSTW]* .* \(.*\)$/  {"lib\1", (void *) \&\1},/p'\'''
lt_cv_sys_global_symbol_to_cdecl='/usr/bin/sed -n -e '\''s/^T .* \(.*\)$/extern int \1();/p'\'' -e '\''s/^[ABCDGIRSTW][ABCDGIRSTW]* .* \(.*\)$/extern char \1;/p'\'''
lt_cv_sys_global_symbol_to_import=
lt_cv_sys_max_cmd_len=1572864
lt_cv_to_host_file_cmd=func_convert_file_noop
lt_cv_to_tool_file_cmd=func_convert_file_noop
lt_cv_truncate_bin='/usr/bin/dd bs=4096 count=1'

## ----------------- ##
## Output variables. ##
## ----------------- ##

ACLOCAL='${SHELL} '\''/home/joar/Documents/yuma123-netconfd-lsi-ivi-load/missing'\'' aclocal-1.16'
AMDEPBACKSLASH='\'
AMDEP_FALSE='#'
AMDEP_TRUE=''
AMTAR='$${TAR-tar}'
AM_BACKSLASH='\'
AM_DEFAULT_V='$(AM_DEFAULT_VERBOSITY)'
AM_DEFAULT_VERBOSITY='1'
AM_V='$(V)'
AR='ar'
AUTOCONF='${SHELL} '\''/home/joar/Documents/yuma123-netconfd-lsi-ivi-load/missing'\'' autoconf'
AUTOHEADER='${SHELL} '\''/home/joar/Documents/yuma123-netconfd-lsi-ivi-load/missing'\'' autoheader'
AUTOMAKE='${SHELL} '\''/home/joar/Documents/yuma123-netconfd-lsi-ivi-load/missing'\'' automake-1.16'
AWK='mawk'
CC='gcc'
CCAS='gcc'
CCASDEPMODE='depmode=gcc3'
CCASFLAGS='-g -O0'
CCDEPMODE='depmode=gcc3'
CFLAGS='-g -O0 -g -fPIC -DDEBUG=1 -DLINUX=1 -DGCC=1'
CPPFLAGS=''
CSCOPE='cscope'
CTAGS='ctags'
CXX='g++'
CXXCPP='g++ -E'
CXXDEPMODE='depmode=gcc3'
CXXFLAGS='-g -O0'
CYGPATH_W='echo'
DEFS='-DPACKAGE_NAME=\"yuma123-netconfd-module-lsi-ivi-dc-power\" -DPACKAGE_TARNAME=\"yuma123-netconfd-module-lsi-ivi-dc-power\" -DPACKAGE_VERSION=\"1.5\" -DPACKAGE_STRING=\"yuma123-netconfd-module-lsi-ivi-dc-power\ 1.5\" -DPACKAGE_BUGREPORT=\"vladimir@lightside-instruments.com\" -DPACKAGE_URL=\"\" -DPACKAGE=\"yuma123-netconfd-module-lsi-ivi-dc-power\" -DVERSION=\"1.5\" -DHAVE_STDIO_H=1 -DHAVE_STDLIB_H=1 -DHAVE_STRING_H=1 -DHAVE_INTTYPES_H=1 -DHAVE_STDINT_H=1 -DHAVE_STRINGS_H=1 -DHAVE_SYS_STAT_H=1 -DHAVE_SYS_TYPES_H=1 -DHAVE_UNISTD_H=1 -DSTDC_HEADERS=1 -DHAVE_DLFCN_H=1 -DLT_OBJDIR=\".libs/\"'
DEPDIR='.deps'
DLLTOOL='false'
DSYMUTIL=''
DUMPBIN=''
ECHO_C=''
ECHO_N='-n'
ECHO_T=''
EGREP='/usr/bin/grep -E'
ETAGS='etags'
EXEEXT=''
FGREP='/usr/bin/grep -F'
FILECMD='file'
GREP='/usr/bin/grep'
INSTALL_DATA='${INSTALL} -m 644'
INSTALL_PROGRAM='${INSTALL}'
INSTALL_SCRIPT='${INSTALL}'
INSTALL_STRIP_PROGRAM='$(install_sh) -c -s'
LD='/usr/bin/ld -m elf_x86_64'
LDFLAGS=''
LIBOBJS=''
LIBS=''
LIBTOOL='$(SHELL) $(top_builddir)/libtool'
LIPO=''
LN_S='ln -s'
LTLIBOBJS=''
LT_SYS_LIBRARY_PATH=''
MAKEINFO='${SHELL} '\''/home/joar/Documents/yuma123-netconfd-lsi-ivi-load/missing'\'' makeinfo'
MANIFEST_TOOL=':'
MKDIR_P='/usr/bin/mkdir -p'
NM='/usr/bin/nm -B'
NMEDIT=''
OBJDUMP='objdump'
OBJEXT='o'
OTOOL64=''
OTOOL=''
PACKAGE='yuma123-netconfd-module-lsi-ivi-dc-power'
PACKAGE_BUGREPORT='vladimir@lightside-instruments.com'
PACKAGE_NAME='yuma123-netconfd-module-lsi-ivi-dc-power'
PACKAGE_STRING='yuma123-netconfd-module-lsi-ivi-dc-power 1.5'
PACKAGE_TARNAME='yuma123-netconfd-module-lsi-ivi-dc-power'
PACKAGE_URL=''
PACKAGE_VERSION='1.5'
PATH_SEPARATOR=':'
RANLIB='ranlib'
SED='/usr/bin/sed'
SET_MAKE=''
SHELL='/bin/bash'
STRIP='strip'
VERSION='1.5'
XML2_CONFIG='/usr/bin/xml2-config'
XML_CPPFLAGS='-I/usr/include/libxml2'
XML_LIBS='-lxml2'
ac_ct_AR='ar'
ac_ct_CC='gcc'
ac_ct_CXX='g++'
ac_ct_DUMPBIN=''
agt_netconf_includedir='${prefix}/include/yuma/agt'
am__EXEEXT_FALSE=''
am__EXEEXT_TRUE='#'
am__fastdepCCAS_FALSE='#'
am__fastdepCCAS_TRUE=''
am__fastdepCC_FALSE='#'
am__fastdepCC_TRUE=''
am__fastdepCXX_FALSE='#'
am__fastdepCXX_TRUE=''
am__include='include'
am__isrc=''
am__leading_dot='.'
am__nodep='_no'
am__quote=''
am__tar='$${TAR-tar} chof - "$$tardir"'
am__untar='$${TAR-tar} xf -'
bindir='${exec_prefix}/bin'
build='x86_64-pc-linux-gnu'
build_alias=''
build_cpu='x86_64'
build_os='linux-gnu'
build_vendor='pc'
datadir='${datarootdir}'
datarootdir='${prefix}/share'
docdir='${datarootdir}/doc/${PACKAGE_TARNAME}'
dvidir='${docdir}'
exec_prefix='${prefix}'
host='x86_64-pc-linux-gnu'
host_alias=''
host_cpu='x86_64'
host_os='linux-gnu'
host_vendor='pc'
htmldir='${docdir}'
includedir='${prefix}/include'
infodir='${datarootdir}/info'
install_sh='${SHELL} /home/joar/Documents/yuma123-netconfd-lsi-ivi-load/install-sh'
libdir='${exec_prefix}/lib'
libexecdir='${exec_prefix}/libexec'
localedir='${datarootdir}/locale'
localstatedir='${prefix}/var'
mandir='${datarootdir}/man'
mkdir_p='$(MKDIR_P)'
ncx_netconf_includedir='${prefix}/include/yuma/ncx'
netconfmoduledir='${exec_prefix}/lib/yuma'
oldincludedir='/usr/include'
pdfdir='${docdir}'
prefix='/usr'
program_transform_name='s,x,x,'
psdir='${docdir}'
runstatedir='${localstatedir}/run'
sbindir='${exec_prefix}/sbin'
sharedstatedir='${prefix}/com'
sysconfdir='${prefix}/etc'
target='x86_64-pc-linux-gnu'
target_alias=''
target_cpu='x86_64'
target_os='linux-gnu'
target_vendor='pc'
yangdir='/usr/share/yuma/modules/lsi'

## ----------- ##
## confdefs.h. ##
## ----------- ##

/* confdefs.h */
#define PACKAGE_NAME "yuma123-netconfd-module-lsi-ivi-dc-power"
#define PACKAGE_TARNAME "yuma123-netconfd-module-lsi-ivi-dc-power"
#define PACKAGE_VERSION "1.5"
#define PACKAGE_STRING "yuma123-netconfd-module-lsi-ivi-dc-power 1.5"
#define PACKAGE_BUGREPORT "vladimir@lightside-instruments.com"
#define PACKAGE_URL ""
#define PACKAGE "yuma123-netconfd-module-lsi-ivi-dc-power"
#define VERSION "1.5"
#define HAVE_STDIO_H 1
#define HAVE_STDLIB_H 1
#define HAVE_STRING_H 1
#define HAVE_INTTYPES_H 1
#define HAVE_STDINT_H 1
#define HAVE_STRINGS_H 1
#define HAVE_SYS_STAT_H 1
#define HAVE_SYS_TYPES_H 1
#define HAVE_UNISTD_H 1
#define STDC_HEADERS 1
#define HAVE_DLFCN_H 1
#define LT_OBJDIR ".libs/"

configure: exit 0
